app/build/intermediates/manifest_merge_blame_file/debug/manifest-merger-blame-debug-report.txt
1<?xml version="1.0" encoding="utf-8"?>
2<manifest xmlns:android="http://schemas.android.com/apk/res/android"
3    package="com.example.onlinenotesmanager"
4    android:versionCode="1"
5    android:versionName="1.0" >
6
7    <uses-sdk
8        android:minSdkVersion="19"
8-->src\main\AndroidManifest.xml
9        android:targetSdkVersion="30" />
9-->src\main\AndroidManifest.xml
10
11    <uses-permission android:name="android.permission.INTERNET" />
11-->[com.firebaseui:firebase-ui-database:8.0.0] AndroidManifest.xml:9:5-67
11-->[com.firebaseui:firebase-ui-database:8.0.0] AndroidManifest.xml:9:22-64
12    <uses-permission android:name="android.permission.ACCESS_NETWORK_STATE" />
12-->[com.firebaseui:firebase-ui-auth:8.0.0] AndroidManifest.xml:10:5-79
12-->[com.firebaseui:firebase-ui-auth:8.0.0] AndroidManifest.xml:10:22-76
13    <uses-permission android:name="android.permission.WAKE_LOCK" />
13-->[com.google.android.gms:play-services-measurement-api:20.0.0] AndroidManifest.xml:24:5-68
13-->[com.google.android.gms:play-services-measurement-api:20.0.0] AndroidManifest.xml:24:22-65
14    <uses-permission android:name="com.google.android.finsky.permission.BIND_GET_INSTALL_REFERRER_SERVICE" />
14-->[com.google.android.gms:play-services-measurement:20.0.0] AndroidManifest.xml:26:5-110
14-->[com.google.android.gms:play-services-measurement:20.0.0] AndroidManifest.xml:26:22-107
15
16    <application
16-->src\main\AndroidManifest.xml:5:5-28:19
17        android:name="androidx.multidex.MultiDexApplication"
18        android:allowBackup="true"
18-->src\main\AndroidManifest.xml:6:9-35
19        android:appComponentFactory="androidx.core.app.CoreComponentFactory"
19-->[androidx.core:core:1.5.0] AndroidManifest.xml:24:18-86
20        android:debuggable="true"
21        android:icon="@mipmap/ic_launcher"
21-->src\main\AndroidManifest.xml:7:9-43
22        android:label="@string/app_name"
22-->src\main\AndroidManifest.xml:8:9-41
23        android:roundIcon="@mipmap/ic_launcher_round"
23-->src\main\AndroidManifest.xml:9:9-54
24        android:supportsRtl="true"
24-->src\main\AndroidManifest.xml:10:9-35
25        android:testOnly="true"
26        android:theme="@style/Theme.OnlineNotesmanager" >
26-->src\main\AndroidManifest.xml:11:9-56
27        <activity
27-->src\main\AndroidManifest.xml:12:9-14:40
28            android:name="com.example.onlinenotesmanager.InputNote"
28-->src\main\AndroidManifest.xml:13:13-38
29            android:exported="false" />
29-->src\main\AndroidManifest.xml:14:13-37
30        <activity
30-->src\main\AndroidManifest.xml:15:9-17:40
31            android:name="com.example.onlinenotesmanager.Signup"
31-->src\main\AndroidManifest.xml:16:13-35
32            android:exported="false" />
32-->src\main\AndroidManifest.xml:17:13-37
33        <activity
33-->src\main\AndroidManifest.xml:18:9-20:40
34            android:name="com.example.onlinenotesmanager.home"
34-->src\main\AndroidManifest.xml:19:13-33
35            android:exported="false" />
35-->src\main\AndroidManifest.xml:20:13-37
36        <activity android:name="com.example.onlinenotesmanager.MainActivity" >
36-->src\main\AndroidManifest.xml:21:9-27:20
36-->src\main\AndroidManifest.xml:21:19-47
37            <intent-filter>
37-->src\main\AndroidManifest.xml:22:13-26:29
38                <action android:name="android.intent.action.MAIN" />
38-->src\main\AndroidManifest.xml:23:17-69
38-->src\main\AndroidManifest.xml:23:25-66
39
40                <category android:name="android.intent.category.LAUNCHER" />
40-->src\main\AndroidManifest.xml:25:17-77
40-->src\main\AndroidManifest.xml:25:27-74
41            </intent-filter>
42        </activity>
43
44        <meta-data
44-->[com.firebaseui:firebase-ui-auth:8.0.0] AndroidManifest.xml:14:9-16:69
45            android:name="com.google.android.gms.version"
45-->[com.firebaseui:firebase-ui-auth:8.0.0] AndroidManifest.xml:15:13-58
46            android:value="@integer/google_play_services_version" />
46-->[com.firebaseui:firebase-ui-auth:8.0.0] AndroidManifest.xml:16:13-66
47        <meta-data
47-->[com.firebaseui:firebase-ui-auth:8.0.0] AndroidManifest.xml:17:9-19:63
48            android:name="com.facebook.sdk.ApplicationId"
48-->[com.firebaseui:firebase-ui-auth:8.0.0] AndroidManifest.xml:18:13-58
49            android:value="@string/facebook_application_id" />
49-->[com.firebaseui:firebase-ui-auth:8.0.0] AndroidManifest.xml:19:13-60
50
51        <activity
51-->[com.firebaseui:firebase-ui-auth:8.0.0] AndroidManifest.xml:21:9-25:61
52            android:name="com.firebase.ui.auth.KickoffActivity"
52-->[com.firebaseui:firebase-ui-auth:8.0.0] AndroidManifest.xml:22:13-64
53            android:exported="false"
53-->[com.firebaseui:firebase-ui-auth:8.0.0] AndroidManifest.xml:23:13-37
54            android:label=""
54-->[com.firebaseui:firebase-ui-auth:8.0.0] AndroidManifest.xml:24:13-29
55            android:theme="@style/FirebaseUI.Transparent" />
55-->[com.firebaseui:firebase-ui-auth:8.0.0] AndroidManifest.xml:25:13-58
56        <activity
56-->[com.firebaseui:firebase-ui-auth:8.0.0] AndroidManifest.xml:26:9-30:61
57            android:name="com.firebase.ui.auth.ui.idp.SingleSignInActivity"
57-->[com.firebaseui:firebase-ui-auth:8.0.0] AndroidManifest.xml:27:13-76
58            android:exported="false"
58-->[com.firebaseui:firebase-ui-auth:8.0.0] AndroidManifest.xml:28:13-37
59            android:label=""
59-->[com.firebaseui:firebase-ui-auth:8.0.0] AndroidManifest.xml:29:13-29
60            android:theme="@style/FirebaseUI.Transparent" />
60-->[com.firebaseui:firebase-ui-auth:8.0.0] AndroidManifest.xml:30:13-58
61        <activity
61-->[com.firebaseui:firebase-ui-auth:8.0.0] AndroidManifest.xml:31:9-35:61
62            android:name="com.firebase.ui.auth.ui.credentials.CredentialSaveActivity"
62-->[com.firebaseui:firebase-ui-auth:8.0.0] AndroidManifest.xml:32:13-86
63            android:exported="false"
63-->[com.firebaseui:firebase-ui-auth:8.0.0] AndroidManifest.xml:33:13-37
64            android:label=""
64-->[com.firebaseui:firebase-ui-auth:8.0.0] AndroidManifest.xml:34:13-29
65            android:theme="@style/FirebaseUI.Transparent" />
65-->[com.firebaseui:firebase-ui-auth:8.0.0] AndroidManifest.xml:35:13-58
66        <activity
66-->[com.firebaseui:firebase-ui-auth:8.0.0] AndroidManifest.xml:36:9-40:58
67            android:name="com.firebase.ui.auth.ui.email.RecoverPasswordActivity"
67-->[com.firebaseui:firebase-ui-auth:8.0.0] AndroidManifest.xml:37:13-81
68            android:exported="false"
68-->[com.firebaseui:firebase-ui-auth:8.0.0] AndroidManifest.xml:38:13-37
69            android:label="@string/fui_title_recover_password_activity"
69-->[com.firebaseui:firebase-ui-auth:8.0.0] AndroidManifest.xml:39:13-72
70            android:windowSoftInputMode="adjustResize" />
70-->[com.firebaseui:firebase-ui-auth:8.0.0] AndroidManifest.xml:40:13-55
71        <activity
71-->[com.firebaseui:firebase-ui-auth:8.0.0] AndroidManifest.xml:41:9-45:58
72            android:name="com.firebase.ui.auth.ui.email.EmailActivity"
72-->[com.firebaseui:firebase-ui-auth:8.0.0] AndroidManifest.xml:42:13-71
73            android:exported="false"
73-->[com.firebaseui:firebase-ui-auth:8.0.0] AndroidManifest.xml:43:13-37
74            android:label="@string/fui_sign_in_default"
74-->[com.firebaseui:firebase-ui-auth:8.0.0] AndroidManifest.xml:44:13-56
75            android:windowSoftInputMode="adjustResize" />
75-->[com.firebaseui:firebase-ui-auth:8.0.0] AndroidManifest.xml:45:13-55
76        <activity
76-->[com.firebaseui:firebase-ui-auth:8.0.0] AndroidManifest.xml:46:9-50:77
77            android:name="com.firebase.ui.auth.ui.phone.PhoneActivity"
77-->[com.firebaseui:firebase-ui-auth:8.0.0] AndroidManifest.xml:47:13-71
78            android:exported="false"
78-->[com.firebaseui:firebase-ui-auth:8.0.0] AndroidManifest.xml:48:13-37
79            android:label="@string/fui_sign_in_with_phone_number"
79-->[com.firebaseui:firebase-ui-auth:8.0.0] AndroidManifest.xml:49:13-66
80            android:windowSoftInputMode="adjustResize|stateAlwaysVisible" />
80-->[com.firebaseui:firebase-ui-auth:8.0.0] AndroidManifest.xml:50:13-74
81        <activity
81-->[com.firebaseui:firebase-ui-auth:8.0.0] AndroidManifest.xml:51:9-55:58
82            android:name="com.firebase.ui.auth.ui.idp.WelcomeBackIdpPrompt"
82-->[com.firebaseui:firebase-ui-auth:8.0.0] AndroidManifest.xml:52:13-76
83            android:exported="false"
83-->[com.firebaseui:firebase-ui-auth:8.0.0] AndroidManifest.xml:53:13-37
84            android:label="@string/fui_title_welcome_back_idp_prompt"
84-->[com.firebaseui:firebase-ui-auth:8.0.0] AndroidManifest.xml:54:13-70
85            android:windowSoftInputMode="adjustResize" />
85-->[com.firebaseui:firebase-ui-auth:8.0.0] AndroidManifest.xml:55:13-55
86        <activity
86-->[com.firebaseui:firebase-ui-auth:8.0.0] AndroidManifest.xml:56:9-60:58
87            android:name="com.firebase.ui.auth.ui.email.WelcomeBackPasswordPrompt"
87-->[com.firebaseui:firebase-ui-auth:8.0.0] AndroidManifest.xml:57:13-83
88            android:exported="false"
88-->[com.firebaseui:firebase-ui-auth:8.0.0] AndroidManifest.xml:58:13-37
89            android:label="@string/fui_title_welcome_back_password_prompt"
89-->[com.firebaseui:firebase-ui-auth:8.0.0] AndroidManifest.xml:59:13-75
90            android:windowSoftInputMode="adjustResize" />
90-->[com.firebaseui:firebase-ui-auth:8.0.0] AndroidManifest.xml:60:13-55
91        <activity
91-->[com.firebaseui:firebase-ui-auth:8.0.0] AndroidManifest.xml:61:9-65:58
92            android:name="com.firebase.ui.auth.ui.email.WelcomeBackEmailLinkPrompt"
92-->[com.firebaseui:firebase-ui-auth:8.0.0] AndroidManifest.xml:62:13-84
93            android:exported="false"
93-->[com.firebaseui:firebase-ui-auth:8.0.0] AndroidManifest.xml:63:13-37
94            android:label="@string/fui_title_welcome_back_password_prompt"
94-->[com.firebaseui:firebase-ui-auth:8.0.0] AndroidManifest.xml:64:13-75
95            android:windowSoftInputMode="adjustResize" />
95-->[com.firebaseui:firebase-ui-auth:8.0.0] AndroidManifest.xml:65:13-55
96        <activity
96-->[com.firebaseui:firebase-ui-auth:8.0.0] AndroidManifest.xml:66:9-71:58
97            android:name="com.firebase.ui.auth.ui.email.EmailLinkCatcherActivity"
97-->[com.firebaseui:firebase-ui-auth:8.0.0] AndroidManifest.xml:67:13-82
98            android:exported="false"
98-->[com.firebaseui:firebase-ui-auth:8.0.0] AndroidManifest.xml:68:13-37
99            android:label=""
99-->[com.firebaseui:firebase-ui-auth:8.0.0] AndroidManifest.xml:69:13-29
100            android:theme="@style/FirebaseUI.Transparent"
100-->[com.firebaseui:firebase-ui-auth:8.0.0] AndroidManifest.xml:70:13-58
101            android:windowSoftInputMode="adjustResize" />
101-->[com.firebaseui:firebase-ui-auth:8.0.0] AndroidManifest.xml:71:13-55
102        <activity
102-->[com.firebaseui:firebase-ui-auth:8.0.0] AndroidManifest.xml:72:9-76:58
103            android:name="com.firebase.ui.auth.ui.email.EmailLinkErrorRecoveryActivity"
103-->[com.firebaseui:firebase-ui-auth:8.0.0] AndroidManifest.xml:73:13-88
104            android:exported="false"
104-->[com.firebaseui:firebase-ui-auth:8.0.0] AndroidManifest.xml:74:13-37
105            android:label="@string/fui_sign_in_default"
105-->[com.firebaseui:firebase-ui-auth:8.0.0] AndroidManifest.xml:75:13-56
106            android:windowSoftInputMode="adjustResize" />
106-->[com.firebaseui:firebase-ui-auth:8.0.0] AndroidManifest.xml:76:13-55
107        <activity
107-->[com.firebaseui:firebase-ui-auth:8.0.0] AndroidManifest.xml:77:9-80:65
108            android:name="com.firebase.ui.auth.ui.idp.AuthMethodPickerActivity"
108-->[com.firebaseui:firebase-ui-auth:8.0.0] AndroidManifest.xml:78:13-80
109            android:exported="false"
109-->[com.firebaseui:firebase-ui-auth:8.0.0] AndroidManifest.xml:79:13-37
110            android:label="@string/fui_default_toolbar_title" />
110-->[com.firebaseui:firebase-ui-auth:8.0.0] AndroidManifest.xml:80:13-62
111        <activity
111-->[com.firebaseui:firebase-ui-auth:8.0.0] AndroidManifest.xml:81:9-85:48
112            android:name="com.facebook.FacebookActivity"
112-->[com.firebaseui:firebase-ui-auth:8.0.0] AndroidManifest.xml:82:13-57
113            android:configChanges="keyboard|keyboardHidden|screenLayout|screenSize|orientation"
113-->[com.firebaseui:firebase-ui-auth:8.0.0] AndroidManifest.xml:83:13-96
114            android:label="@string/app_name" />
114-->[com.firebaseui:firebase-ui-auth:8.0.0] AndroidManifest.xml:84:13-45
115        <activity
115-->[com.firebaseui:firebase-ui-auth:8.0.0] AndroidManifest.xml:86:9-98:20
116            android:name="com.facebook.CustomTabActivity"
116-->[com.firebaseui:firebase-ui-auth:8.0.0] AndroidManifest.xml:87:13-58
117            android:exported="true" >
117-->[com.firebaseui:firebase-ui-auth:8.0.0] AndroidManifest.xml:88:13-36
118            <intent-filter>
118-->[com.firebaseui:firebase-ui-auth:8.0.0] AndroidManifest.xml:90:13-97:29
119                <action android:name="android.intent.action.VIEW" />
119-->[com.firebaseui:firebase-ui-auth:8.0.0] AndroidManifest.xml:91:17-69
119-->[com.firebaseui:firebase-ui-auth:8.0.0] AndroidManifest.xml:91:25-66
120
121                <category android:name="android.intent.category.DEFAULT" />
121-->[com.firebaseui:firebase-ui-auth:8.0.0] AndroidManifest.xml:93:17-76
121-->[com.firebaseui:firebase-ui-auth:8.0.0] AndroidManifest.xml:93:27-73
122                <category android:name="android.intent.category.BROWSABLE" />
122-->[com.firebaseui:firebase-ui-auth:8.0.0] AndroidManifest.xml:94:17-78
122-->[com.firebaseui:firebase-ui-auth:8.0.0] AndroidManifest.xml:94:27-75
123
124                <data android:scheme="@string/facebook_login_protocol_scheme" />
124-->[com.firebaseui:firebase-ui-auth:8.0.0] AndroidManifest.xml:96:17-81
124-->[com.firebaseui:firebase-ui-auth:8.0.0] AndroidManifest.xml:96:23-78
125            </intent-filter>
126        </activity>
127
128        <provider
128-->[com.firebaseui:firebase-ui-auth:8.0.0] AndroidManifest.xml:100:9-104:38
129            android:name="com.firebase.ui.auth.data.client.AuthUiInitProvider"
129-->[com.firebaseui:firebase-ui-auth:8.0.0] AndroidManifest.xml:101:13-79
130            android:authorities="com.example.onlinenotesmanager.authuiinitprovider"
130-->[com.firebaseui:firebase-ui-auth:8.0.0] AndroidManifest.xml:102:13-70
131            android:exported="false"
131-->[com.firebaseui:firebase-ui-auth:8.0.0] AndroidManifest.xml:103:13-37
132            android:initOrder="90" />
132-->[com.firebaseui:firebase-ui-auth:8.0.0] AndroidManifest.xml:104:13-35
133
134        <activity
134-->[com.google.firebase:firebase-auth:21.0.1] AndroidManifest.xml:27:9-44:20
135            android:name="com.google.firebase.auth.internal.GenericIdpActivity"
135-->[com.google.firebase:firebase-auth:21.0.1] AndroidManifest.xml:28:13-80
136            android:excludeFromRecents="true"
136-->[com.google.firebase:firebase-auth:21.0.1] AndroidManifest.xml:29:13-46
137            android:exported="true"
137-->[com.google.firebase:firebase-auth:21.0.1] AndroidManifest.xml:30:13-36
138            android:launchMode="singleTask"
138-->[com.google.firebase:firebase-auth:21.0.1] AndroidManifest.xml:31:13-44
139            android:theme="@android:style/Theme.Translucent.NoTitleBar" >
139-->[com.google.firebase:firebase-auth:21.0.1] AndroidManifest.xml:32:13-72
140            <intent-filter>
140-->[com.google.firebase:firebase-auth:21.0.1] AndroidManifest.xml:33:13-43:29
141                <action android:name="android.intent.action.VIEW" />
141-->[com.firebaseui:firebase-ui-auth:8.0.0] AndroidManifest.xml:91:17-69
141-->[com.firebaseui:firebase-ui-auth:8.0.0] AndroidManifest.xml:91:25-66
142
143                <category android:name="android.intent.category.DEFAULT" />
143-->[com.firebaseui:firebase-ui-auth:8.0.0] AndroidManifest.xml:93:17-76
143-->[com.firebaseui:firebase-ui-auth:8.0.0] AndroidManifest.xml:93:27-73
144                <category android:name="android.intent.category.BROWSABLE" />
144-->[com.firebaseui:firebase-ui-auth:8.0.0] AndroidManifest.xml:94:17-78
144-->[com.firebaseui:firebase-ui-auth:8.0.0] AndroidManifest.xml:94:27-75
145
146                <data
146-->[com.firebaseui:firebase-ui-auth:8.0.0] AndroidManifest.xml:96:17-81
147                    android:host="firebase.auth"
148                    android:path="/"
149                    android:scheme="genericidp" />
149-->[com.firebaseui:firebase-ui-auth:8.0.0] AndroidManifest.xml:96:23-78
150            </intent-filter>
151        </activity>
152        <activity
152-->[com.google.firebase:firebase-auth:21.0.1] AndroidManifest.xml:45:9-62:20
153            android:name="com.google.firebase.auth.internal.RecaptchaActivity"
153-->[com.google.firebase:firebase-auth:21.0.1] AndroidManifest.xml:46:13-79
154            android:excludeFromRecents="true"
154-->[com.google.firebase:firebase-auth:21.0.1] AndroidManifest.xml:47:13-46
155            android:exported="true"
155-->[com.google.firebase:firebase-auth:21.0.1] AndroidManifest.xml:48:13-36
156            android:launchMode="singleTask"
156-->[com.google.firebase:firebase-auth:21.0.1] AndroidManifest.xml:49:13-44
157            android:theme="@android:style/Theme.Translucent.NoTitleBar" >
157-->[com.google.firebase:firebase-auth:21.0.1] AndroidManifest.xml:50:13-72
158            <intent-filter>
158-->[com.google.firebase:firebase-auth:21.0.1] AndroidManifest.xml:51:13-61:29
159                <action android:name="android.intent.action.VIEW" />
159-->[com.firebaseui:firebase-ui-auth:8.0.0] AndroidManifest.xml:91:17-69
159-->[com.firebaseui:firebase-ui-auth:8.0.0] AndroidManifest.xml:91:25-66
160
161                <category android:name="android.intent.category.DEFAULT" />
161-->[com.firebaseui:firebase-ui-auth:8.0.0] AndroidManifest.xml:93:17-76
161-->[com.firebaseui:firebase-ui-auth:8.0.0] AndroidManifest.xml:93:27-73
162                <category android:name="android.intent.category.BROWSABLE" />
162-->[com.firebaseui:firebase-ui-auth:8.0.0] AndroidManifest.xml:94:17-78
162-->[com.firebaseui:firebase-ui-auth:8.0.0] AndroidManifest.xml:94:27-75
163
164                <data
164-->[com.firebaseui:firebase-ui-auth:8.0.0] AndroidManifest.xml:96:17-81
165                    android:host="firebase.auth"
166                    android:path="/"
167                    android:scheme="recaptcha" />
167-->[com.firebaseui:firebase-ui-auth:8.0.0] AndroidManifest.xml:96:23-78
168            </intent-filter>
169        </activity>
170
171        <service
171-->[com.google.firebase:firebase-auth:21.0.1] AndroidManifest.xml:64:9-73:19
172            android:name="com.google.firebase.auth.api.fallback.service.FirebaseAuthFallbackService"
172-->[com.google.firebase:firebase-auth:21.0.1] AndroidManifest.xml:65:13-101
173            android:enabled="true"
173-->[com.google.firebase:firebase-auth:21.0.1] AndroidManifest.xml:66:13-35
174            android:exported="false" >
174-->[com.google.firebase:firebase-auth:21.0.1] AndroidManifest.xml:67:13-37
175            <intent-filter>
175-->[com.google.firebase:firebase-auth:21.0.1] AndroidManifest.xml:68:13-72:29
176                <action android:name="com.google.firebase.auth.api.gms.service.START" />
176-->[com.google.firebase:firebase-auth:21.0.1] AndroidManifest.xml:69:17-89
176-->[com.google.firebase:firebase-auth:21.0.1] AndroidManifest.xml:69:25-86
177
178                <category android:name="android.intent.category.DEFAULT" />
178-->[com.firebaseui:firebase-ui-auth:8.0.0] AndroidManifest.xml:93:17-76
178-->[com.firebaseui:firebase-ui-auth:8.0.0] AndroidManifest.xml:93:27-73
179            </intent-filter>
180        </service>
181        <service
181-->[com.google.firebase:firebase-auth:21.0.1] AndroidManifest.xml:74:9-80:19
182            android:name="com.google.firebase.components.ComponentDiscoveryService"
182-->[com.google.firebase:firebase-auth:21.0.1] AndroidManifest.xml:75:13-84
183            android:directBootAware="true"
183-->[com.google.firebase:firebase-common:20.0.0] AndroidManifest.xml:35:13-43
184            android:exported="false" >
184-->[com.google.firebase:firebase-auth:21.0.1] AndroidManifest.xml:76:13-37
185            <meta-data
185-->[com.google.firebase:firebase-auth:21.0.1] AndroidManifest.xml:77:13-79:85
186                android:name="com.google.firebase.components:com.google.firebase.auth.FirebaseAuthRegistrar"
186-->[com.google.firebase:firebase-auth:21.0.1] AndroidManifest.xml:78:17-109
187                android:value="com.google.firebase.components.ComponentRegistrar" />
187-->[com.google.firebase:firebase-auth:21.0.1] AndroidManifest.xml:79:17-82
188            <meta-data
188-->[com.google.firebase:firebase-database:20.0.2] AndroidManifest.xml:32:13-34:85
189                android:name="com.google.firebase.components:com.google.firebase.database.DatabaseRegistrar"
189-->[com.google.firebase:firebase-database:20.0.2] AndroidManifest.xml:33:17-109
190                android:value="com.google.firebase.components.ComponentRegistrar" />
190-->[com.google.firebase:firebase-database:20.0.2] AndroidManifest.xml:34:17-82
191            <meta-data
191-->[com.google.firebase:firebase-firestore:24.0.0] AndroidManifest.xml:20:13-22:85
192                android:name="com.google.firebase.components:com.google.firebase.firestore.FirestoreRegistrar"
192-->[com.google.firebase:firebase-firestore:24.0.0] AndroidManifest.xml:21:17-111
193                android:value="com.google.firebase.components.ComponentRegistrar" />
193-->[com.google.firebase:firebase-firestore:24.0.0] AndroidManifest.xml:22:17-82
194            <meta-data
194-->[com.google.firebase:firebase-storage:20.0.0] AndroidManifest.xml:33:13-35:85
195                android:name="com.google.firebase.components:com.google.firebase.storage.StorageRegistrar"
195-->[com.google.firebase:firebase-storage:20.0.0] AndroidManifest.xml:34:17-107
196                android:value="com.google.firebase.components.ComponentRegistrar" />
196-->[com.google.firebase:firebase-storage:20.0.0] AndroidManifest.xml:35:17-82
197            <meta-data
197-->[com.google.android.gms:play-services-measurement-api:20.0.0] AndroidManifest.xml:30:13-32:85
198                android:name="com.google.firebase.components:com.google.firebase.analytics.connector.internal.AnalyticsConnectorRegistrar"
198-->[com.google.android.gms:play-services-measurement-api:20.0.0] AndroidManifest.xml:31:17-139
199                android:value="com.google.firebase.components.ComponentRegistrar" />
199-->[com.google.android.gms:play-services-measurement-api:20.0.0] AndroidManifest.xml:32:17-82
200            <meta-data
200-->[com.google.firebase:firebase-installations:17.0.0] AndroidManifest.xml:18:13-20:85
201                android:name="com.google.firebase.components:com.google.firebase.installations.FirebaseInstallationsRegistrar"
201-->[com.google.firebase:firebase-installations:17.0.0] AndroidManifest.xml:19:17-127
202                android:value="com.google.firebase.components.ComponentRegistrar" />
202-->[com.google.firebase:firebase-installations:17.0.0] AndroidManifest.xml:20:17-82
203        </service>
204
205        <provider
205-->[com.google.firebase:firebase-common:20.0.0] AndroidManifest.xml:26:9-31:39
206            android:name="com.google.firebase.provider.FirebaseInitProvider"
206-->[com.google.firebase:firebase-common:20.0.0] AndroidManifest.xml:27:13-77
207            android:authorities="com.example.onlinenotesmanager.firebaseinitprovider"
207-->[com.google.firebase:firebase-common:20.0.0] AndroidManifest.xml:28:13-72
208            android:directBootAware="true"
208-->[com.google.firebase:firebase-common:20.0.0] AndroidManifest.xml:29:13-43
209            android:exported="false"
209-->[com.google.firebase:firebase-common:20.0.0] AndroidManifest.xml:30:13-37
210            android:initOrder="100" />
210-->[com.google.firebase:firebase-common:20.0.0] AndroidManifest.xml:31:13-36
211
212        <activity
212-->[com.google.android.gms:play-services-auth:19.0.0] AndroidManifest.xml:23:9-27:75
213            android:name="com.google.android.gms.auth.api.signin.internal.SignInHubActivity"
213-->[com.google.android.gms:play-services-auth:19.0.0] AndroidManifest.xml:24:13-93
214            android:excludeFromRecents="true"
214-->[com.google.android.gms:play-services-auth:19.0.0] AndroidManifest.xml:25:13-46
215            android:exported="false"
215-->[com.google.android.gms:play-services-auth:19.0.0] AndroidManifest.xml:26:13-37
216            android:theme="@android:style/Theme.Translucent.NoTitleBar" />
216-->[com.google.android.gms:play-services-auth:19.0.0] AndroidManifest.xml:27:13-72
217        <!--
218            Service handling Google Sign-In user revocation. For apps that do not integrate with
219            Google Sign-In, this service will never be started.
220        -->
221        <service
221-->[com.google.android.gms:play-services-auth:19.0.0] AndroidManifest.xml:33:9-37:51
222            android:name="com.google.android.gms.auth.api.signin.RevocationBoundService"
222-->[com.google.android.gms:play-services-auth:19.0.0] AndroidManifest.xml:34:13-89
223            android:exported="true"
223-->[com.google.android.gms:play-services-auth:19.0.0] AndroidManifest.xml:35:13-36
224            android:permission="com.google.android.gms.auth.api.signin.permission.REVOCATION_NOTIFICATION"
224-->[com.google.android.gms:play-services-auth:19.0.0] AndroidManifest.xml:36:13-107
225            android:visibleToInstantApps="true" />
225-->[com.google.android.gms:play-services-auth:19.0.0] AndroidManifest.xml:37:13-48
226
227        <activity
227-->[com.google.android.gms:play-services-base:17.1.0] AndroidManifest.xml:23:9-26:75
228            android:name="com.google.android.gms.common.api.GoogleApiActivity"
228-->[com.google.android.gms:play-services-base:17.1.0] AndroidManifest.xml:24:13-79
229            android:exported="false"
229-->[com.google.android.gms:play-services-base:17.1.0] AndroidManifest.xml:25:13-37
230            android:theme="@android:style/Theme.Translucent.NoTitleBar" />
230-->[com.google.android.gms:play-services-base:17.1.0] AndroidManifest.xml:26:13-72
231
232        <receiver
232-->[com.google.android.gms:play-services-measurement:20.0.0] AndroidManifest.xml:29:9-33:20
233            android:name="com.google.android.gms.measurement.AppMeasurementReceiver"
233-->[com.google.android.gms:play-services-measurement:20.0.0] AndroidManifest.xml:30:13-85
234            android:enabled="true"
234-->[com.google.android.gms:play-services-measurement:20.0.0] AndroidManifest.xml:31:13-35
235            android:exported="false" >
235-->[com.google.android.gms:play-services-measurement:20.0.0] AndroidManifest.xml:32:13-37
236        </receiver>
237
238        <service
238-->[com.google.android.gms:play-services-measurement:20.0.0] AndroidManifest.xml:35:9-38:40
239            android:name="com.google.android.gms.measurement.AppMeasurementService"
239-->[com.google.android.gms:play-services-measurement:20.0.0] AndroidManifest.xml:36:13-84
240            android:enabled="true"
240-->[com.google.android.gms:play-services-measurement:20.0.0] AndroidManifest.xml:37:13-35
241            android:exported="false" />
241-->[com.google.android.gms:play-services-measurement:20.0.0] AndroidManifest.xml:38:13-37
242        <service
242-->[com.google.android.gms:play-services-measurement:20.0.0] AndroidManifest.xml:39:9-43:72
243            android:name="com.google.android.gms.measurement.AppMeasurementJobService"
243-->[com.google.android.gms:play-services-measurement:20.0.0] AndroidManifest.xml:40:13-87
244            android:enabled="true"
244-->[com.google.android.gms:play-services-measurement:20.0.0] AndroidManifest.xml:41:13-35
245            android:exported="false"
245-->[com.google.android.gms:play-services-measurement:20.0.0] AndroidManifest.xml:42:13-37
246            android:permission="android.permission.BIND_JOB_SERVICE" />
246-->[com.google.android.gms:play-services-measurement:20.0.0] AndroidManifest.xml:43:13-69
247
248        <provider
248-->[androidx.lifecycle:lifecycle-process:2.2.0] AndroidManifest.xml:25:9-29:43
249            android:name="androidx.lifecycle.ProcessLifecycleOwnerInitializer"
249-->[androidx.lifecycle:lifecycle-process:2.2.0] AndroidManifest.xml:26:13-79
250            android:authorities="com.example.onlinenotesmanager.lifecycle-process"
250-->[androidx.lifecycle:lifecycle-process:2.2.0] AndroidManifest.xml:27:13-69
251            android:exported="false"
251-->[androidx.lifecycle:lifecycle-process:2.2.0] AndroidManifest.xml:28:13-37
252            android:multiprocess="true" />
252-->[androidx.lifecycle:lifecycle-process:2.2.0] AndroidManifest.xml:29:13-40
253    </application>
254
255</manifest>